============================================================
 Loading data
============================================================
Found 41 v0 values: 0.0 to 20.0
Grid 31x31  |  f range [0.00, 1000.00]
u0 range [-0.0009, 9.0591]

Linearity sanity check:  max|u(v0) - u0 - v0*(1-x)|
    v0    max_residual    rel_residual
----------------------------------------
   0.5    5.722046e-07    6.038580e-08  OK
   1.0    8.265177e-07    8.355011e-08  OK
   1.5    7.629395e-07    7.400608e-08  OK
   2.0    6.993612e-07    6.520356e-08  OK
   2.5    6.357829e-07    5.705937e-08  OK
   3.0    7.629395e-07    6.600310e-08  OK
   3.5    8.900960e-07    7.432448e-08  OK
   4.0    7.629395e-07    6.156472e-08  OK
   4.5    6.675720e-07    5.211683e-08  OK
   5.0    6.357829e-07    4.807136e-08  OK
   5.5    6.993612e-07    5.126350e-08  OK
   6.0    7.629395e-07    5.426642e-08  OK
   6.5    8.265177e-07    5.709646e-08  OK
   7.0    8.900960e-07    5.976816e-08  OK
   7.5    4.768372e-07    3.114721e-08  OK
   8.0    6.675720e-07    4.245072e-08  OK
   8.5    8.265177e-07    5.120141e-08  OK
   9.0    1.144409e-06    6.911039e-08  OK
   9.5    1.271566e-06    7.490456e-08  OK
  10.0    1.271566e-06    7.311009e-08  OK
  10.5    1.144409e-06    6.425963e-08  OK
  11.0    1.271566e-06    6.976730e-08  OK
  11.5    1.144409e-06    6.138718e-08  OK
  12.0    1.144409e-06    6.004514e-08  OK
  12.5    1.271566e-06    6.524701e-08  OK
  13.0    1.080831e-06    5.425361e-08  OK
  13.5    1.144409e-06    5.622207e-08  OK
  14.0    1.271566e-06    6.116682e-08  OK
  14.5    1.112620e-06    5.242810e-08  OK
  15.0    9.536743e-07    4.403913e-08  OK
  15.5    1.271566e-06    5.756689e-08  OK
  16.0    1.144409e-06    5.081334e-08  OK
  16.5    1.144409e-06    4.985412e-08  OK
  17.0    1.271566e-06    5.436716e-08  OK
  17.5    1.271566e-06    5.337818e-08  OK
  18.0    1.144409e-06    4.718210e-08  OK
  18.5    1.271566e-06    5.150440e-08  OK
  19.0    1.144409e-06    4.555438e-08  OK
  19.5    1.144409e-06    4.478193e-08  OK
  20.0    1.271566e-06    4.892803e-08  OK
=> Linearity verified for all v0.


Device: cpu  |  branch_in_dim: 961
Fourier encoding: n_fourier=8  trunk_in_dim=34
Model parameters: 1,249,537

============================================================
 Training for u_0  (20000 epochs)
============================================================

Epoch     1/20000 | loss=3.7900e-01  data=1.0446e-01  dir=1.9537e-03  neu=5.1001e-02  lr=1.00e-03  time=0.0min
Epoch   500/20000 | loss=1.2626e-04  data=1.1968e-04  dir=6.2881e-07  neu=5.9880e-08  lr=9.98e-04  time=0.2min
Epoch  1000/20000 | loss=3.1264e-05  data=3.0171e-05  dir=9.8507e-08  neu=2.1697e-08  lr=9.94e-04  time=0.5min
Epoch  1500/20000 | loss=2.0284e-05  data=1.2816e-05  dir=1.3596e-07  neu=1.2216e-06  lr=9.86e-04  time=0.7min
Epoch  2000/20000 | loss=6.3508e-04  data=9.7641e-05  dir=5.2876e-05  neu=1.7358e-06  lr=9.76e-04  time=0.8min
Epoch  2500/20000 | loss=7.4251e-06  data=6.8828e-06  dir=4.4555e-08  neu=1.9350e-08  lr=9.62e-04  time=1.0min
Epoch  3000/20000 | loss=1.5448e-01  data=9.9668e-02  dir=5.2655e-03  neu=4.3201e-04  lr=9.46e-04  time=1.2min
Epoch  3500/20000 | loss=1.5051e-05  data=1.4340e-05  dir=5.7520e-08  neu=2.7204e-08  lr=9.26e-04  time=1.4min
Epoch  4000/20000 | loss=6.0032e-06  data=5.7212e-06  dir=2.2460e-08  neu=1.1476e-08  lr=9.05e-04  time=1.5min
Epoch  4500/20000 | loss=3.8472e-06  data=3.4083e-06  dir=1.6262e-08  neu=5.5270e-08  lr=8.80e-04  time=1.7min
Epoch  5000/20000 | loss=2.1819e-06  data=2.0112e-06  dir=1.0667e-08  neu=1.2806e-08  lr=8.54e-04  time=1.9min
Epoch  5500/20000 | loss=2.4081e-06  data=1.4988e-06  dir=9.4059e-09  neu=1.6306e-07  lr=8.25e-04  time=2.1min
Epoch  6000/20000 | loss=5.0538e-06  data=1.6269e-06  dir=3.3076e-07  neu=2.3872e-08  lr=7.94e-04  time=2.4min
Epoch  6500/20000 | loss=7.6146e-06  data=3.9539e-06  dir=3.6233e-07  neu=7.4857e-09  lr=7.61e-04  time=2.5min
Epoch  7000/20000 | loss=2.9845e-05  data=5.4759e-06  dir=1.6220e-07  neu=4.5495e-06  lr=7.27e-04  time=2.7min
Epoch  7500/20000 | loss=7.5214e-05  data=1.0789e-05  dir=5.2881e-07  neu=1.1827e-05  lr=6.92e-04  time=2.9min
Epoch  8000/20000 | loss=4.1263e-05  data=3.2328e-06  dir=8.7850e-07  neu=5.8491e-06  lr=6.55e-04  time=3.1min
Epoch  8500/20000 | loss=3.1509e-07  data=2.9276e-07  dir=1.5900e-09  neu=1.2848e-09  lr=6.17e-04  time=3.3min
Epoch  9000/20000 | loss=2.6100e-07  data=2.4392e-07  dir=1.2407e-09  neu=9.3573e-10  lr=5.79e-04  time=3.5min
Epoch  9500/20000 | loss=4.5009e-07  data=2.3213e-07  dir=9.5489e-09  neu=2.4494e-08  lr=5.40e-04  time=3.7min
Epoch 10000/20000 | loss=5.9396e-07  data=1.7419e-07  dir=2.2387e-08  neu=3.9181e-08  lr=5.00e-04  time=3.8min
Epoch 10500/20000 | loss=6.8653e-07  data=3.8568e-07  dir=6.6830e-09  neu=4.6805e-08  lr=4.61e-04  time=4.0min
Epoch 11000/20000 | loss=6.4491e-06  data=2.6645e-07  dir=2.1432e-08  neu=1.1937e-06  lr=4.22e-04  time=4.2min
Epoch 11500/20000 | loss=1.1408e-06  data=4.0385e-07  dir=5.5318e-08  neu=3.6756e-08  lr=3.84e-04  time=4.4min
Epoch 12000/20000 | loss=1.0442e-05  data=1.0074e-05  dir=3.6553e-08  neu=6.0696e-10  lr=3.46e-04  time=4.6min
Epoch 12500/20000 | loss=3.5559e-06  data=3.7747e-07  dir=3.1129e-07  neu=1.3100e-08  lr=3.09e-04  time=4.7min
Epoch 13000/20000 | loss=4.2895e-07  data=3.0668e-07  dir=1.0300e-08  neu=3.8553e-09  lr=2.74e-04  time=4.9min
Epoch 13500/20000 | loss=1.1084e-07  data=7.4443e-08  dir=2.8048e-09  neu=1.6688e-09  lr=2.40e-04  time=5.1min
Epoch 14000/20000 | loss=3.9913e-07  data=6.9804e-08  dir=1.6416e-09  neu=6.2583e-08  lr=2.07e-04  time=5.3min
Epoch 14500/20000 | loss=8.3005e-08  data=6.7877e-08  dir=1.1697e-09  neu=6.8610e-10  lr=1.76e-04  time=5.4min
Epoch 15000/20000 | loss=5.2666e-08  data=4.4085e-08  dir=6.8372e-10  neu=3.4868e-10  lr=1.47e-04  time=5.6min
Epoch 15500/20000 | loss=3.8770e-08  data=3.8198e-08  dir=4.8124e-11  neu=1.8172e-11  lr=1.21e-04  time=5.8min
Epoch 16000/20000 | loss=3.7297e-08  data=3.6545e-08  dir=4.0599e-11  neu=6.9297e-11  lr=9.64e-05  time=6.0min
Epoch 16500/20000 | loss=3.3188e-08  data=3.2820e-08  dir=3.1542e-11  neu=1.0509e-11  lr=7.46e-05  time=6.3min
Epoch 17000/20000 | loss=3.1094e-08  data=3.0786e-08  dir=2.6459e-11  neu=8.7028e-12  lr=5.54e-05  time=6.7min
Epoch 17500/20000 | loss=2.9421e-08  data=2.9157e-08  dir=2.2736e-11  neu=7.4434e-12  lr=3.90e-05  time=7.0min
Epoch 18000/20000 | loss=2.8144e-08  data=2.7910e-08  dir=2.0094e-11  neu=6.7227e-12  lr=2.54e-05  time=7.3min
Epoch 18500/20000 | loss=2.7238e-08  data=2.7024e-08  dir=1.8339e-11  neu=6.1742e-12  lr=1.48e-05  time=7.7min
Epoch 19000/20000 | loss=2.6671e-08  data=2.6469e-08  dir=1.7287e-11  neu=5.8115e-12  lr=7.15e-06  time=8.0min
Epoch 19500/20000 | loss=2.6386e-08  data=2.6191e-08  dir=1.6775e-11  neu=5.5328e-12  lr=2.54e-06  time=8.4min
Epoch 20000/20000 | loss=2.6277e-08  data=2.6084e-08  dir=1.6578e-11  neu=5.5607e-12  lr=1.00e-06  time=8.6min

Best data_loss: 2.6084e-08  (saved to model_best.pth)

============================================================
 Evaluation: loading best checkpoint
============================================================

Loaded best checkpoint.

    v0    rel-L2 (%)      max|err|     mean|err|
--------------------------------------------------
   0.0        0.0443      0.005389      0.001100 <== PASS
   0.5        0.0412      0.005389      0.001100 <== PASS
   1.0        0.0384      0.005389      0.001100 <== PASS
   1.5        0.0360      0.005389      0.001100 <== PASS
   2.0        0.0338      0.005389      0.001100 <== PASS
   2.5        0.0318      0.005389      0.001100 <== PASS
   3.0        0.0300      0.005389      0.001100 <== PASS
   3.5        0.0285      0.005389      0.001100 <== PASS
   4.0        0.0270      0.005389      0.001100 <== PASS
   4.5        0.0257      0.005389      0.001100 <== PASS
   5.0        0.0245      0.005388      0.001100 <== PASS
   5.5        0.0234      0.005389      0.001100 <== PASS
   6.0        0.0224      0.005389      0.001100 <== PASS
   6.5        0.0215      0.005389      0.001100 <== PASS
   7.0        0.0206      0.005388      0.001100 <== PASS
   7.5        0.0198      0.005388      0.001100 <== PASS
   8.0        0.0191      0.005389      0.001100 <== PASS
   8.5        0.0184      0.005388      0.001100 <== PASS
   9.0        0.0178      0.005388      0.001100 <== PASS
   9.5        0.0172      0.005389      0.001100 <== PASS
  10.0        0.0166      0.005388      0.001100 <== PASS
  10.5        0.0161      0.005388      0.001100 <== PASS
  11.0        0.0156      0.005388      0.001100 <== PASS
  11.5        0.0152      0.005389      0.001100 <== PASS
  12.0        0.0147      0.005388      0.001100 <== PASS
  12.5        0.0143      0.005388      0.001100 <== PASS
  13.0        0.0139      0.005388      0.001100 <== PASS
  13.5        0.0136      0.005388      0.001100 <== PASS
  14.0        0.0132      0.005388      0.001100 <== PASS
  14.5        0.0129      0.005388      0.001100 <== PASS
  15.0        0.0125      0.005388      0.001100 <== PASS
  15.5        0.0122      0.005388      0.001100 <== PASS
  16.0        0.0120      0.005388      0.001100 <== PASS
  16.5        0.0117      0.005388      0.001100 <== PASS
  17.0        0.0114      0.005388      0.001100 <== PASS
  17.5        0.0112      0.005388      0.001100 <== PASS
  18.0        0.0109      0.005390      0.001100 <== PASS
  18.5        0.0107      0.005390      0.001100 <== PASS
  19.0        0.0105      0.005390      0.001100 <== PASS
  19.5        0.0103      0.005390      0.001100 <== PASS
  20.0        0.0101      0.005388      0.001100 <== PASS

Summary:
  Mean rel-L2  : 0.0198%
  Max  rel-L2  : 0.0443%
  Mean max|err|: 0.005389
  Overall max  : 0.005390  (PASS target 0.01)
  Saved -> ./output_dirichlet_linear/training_history.png
  Saved -> ./output_dirichlet_linear/error_vs_v0.png
  Saved -> ./output_dirichlet_linear/comparison_v0_0.0.png
  Saved -> ./output_dirichlet_linear/comparison_v0_10.0.png
  Saved -> ./output_dirichlet_linear/comparison_v0_20.0.png

All outputs saved to  /home/aditya/dev/btp/output_dirichlet_linear/
Done.
