Loading data ...
Forcing: 4300 pts  f in [0.000, 999.987]
COMSOL: 41 samples  v0=[0.0, 20.0]  u in [-0.000, 25.974]

Device: cpu  |  params: 50,113
Branch: 1 -> [64, 64] -> 128
Trunk:  34 -> [128, 128] -> 128  (Fourier n=8)
Points  x=0:58  x=1:58  Neumann:112  Interior:4072  Sum:4300

============================================================
 Training  |  41 samples  |  5000 epochs
 w_res=1.0  w_d=100.0  w_neu=10.0  S=20.0
 warmup=500  lr=0.001
============================================================

Epoch     1/5000 | loss=5.5952e+05  res=1.4910e+08  d0=3.0487e+01  d1=1.5855e+02  neu=2.4240e+04  w_res=0.002  lr=1.00e-03  time=0.0min
Epoch    50/5000 | loss=1.1448e+04  res=4.8834e+04  d0=3.7517e+01  d1=2.7929e+01  neu=2.0198e+00  w_res=0.100  lr=1.00e-03  time=2.2min
Epoch   100/5000 | loss=1.3497e+04  res=3.4677e+04  d0=3.3352e+01  d1=3.2103e+01  neu=1.5984e+00  w_res=0.200  lr=9.99e-04  time=4.4min
Epoch   150/5000 | loss=1.2928e+04  res=2.2253e+04  d0=3.1688e+01  d1=3.0791e+01  neu=4.5502e-01  w_res=0.300  lr=9.98e-04  time=6.6min
Epoch   200/5000 | loss=1.1371e+04  res=1.4937e+04  d0=2.7126e+01  d1=2.6776e+01  neu=6.2366e-01  w_res=0.400  lr=9.96e-04  time=8.7min
Epoch   250/5000 | loss=1.0266e+04  res=1.0911e+04  d0=2.5301e+01  d1=2.2726e+01  neu=8.3871e-01  w_res=0.500  lr=9.94e-04  time=10.9min
Epoch   300/5000 | loss=6.8827e+03  res=4.9032e+03  d0=2.0635e+01  d1=1.8723e+01  neu=5.0266e-01  w_res=0.600  lr=9.91e-04  time=13.1min
Epoch   350/5000 | loss=7.0381e+03  res=5.2687e+03  d0=1.8219e+01  d1=1.5215e+01  neu=6.6360e-01  w_res=0.700  lr=9.88e-04  time=15.3min
Epoch   400/5000 | loss=5.3766e+03  res=3.0791e+03  d0=1.6445e+01  d1=1.2646e+01  neu=4.2544e-01  w_res=0.800  lr=9.84e-04  time=17.5min
Epoch   450/5000 | loss=4.9397e+03  res=2.7031e+03  d0=1.4269e+01  d1=1.0723e+01  neu=7.7102e-01  w_res=0.900  lr=9.80e-04  time=19.7min
Epoch   500/5000 | loss=6.4206e+03  res=4.1308e+03  d0=1.4115e+01  d1=8.6924e+00  neu=9.0278e-01  w_res=1.000  lr=9.76e-04  time=21.9min
Epoch   550/5000 | loss=4.4435e+03  res=2.3826e+03  d0=1.2121e+01  d1=8.4039e+00  neu=8.4071e-01  w_res=1.000  lr=9.70e-04  time=24.1min
Epoch   600/5000 | loss=3.7589e+03  res=2.0109e+03  d0=1.0421e+01  d1=6.9709e+00  neu=8.8681e-01  w_res=1.000  lr=9.65e-04  time=26.4min
Epoch   650/5000 | loss=2.6722e+03  res=1.1781e+03  d0=9.0838e+00  d1=5.7770e+00  neu=8.0420e-01  w_res=1.000  lr=9.59e-04  time=28.6min
Epoch   700/5000 | loss=3.4027e+03  res=2.1261e+03  d0=8.3011e+00  d1=4.3797e+00  neu=8.4780e-01  w_res=1.000  lr=9.52e-04  time=30.8min
Epoch   750/5000 | loss=2.7820e+03  res=1.6904e+03  d0=7.2627e+00  d1=3.5463e+00  neu=1.0685e+00  w_res=1.000  lr=9.46e-04  time=33.0min
Epoch   800/5000 | loss=2.7355e+03  res=1.7180e+03  d0=6.6716e+00  d1=3.4716e+00  neu=3.2424e-01  w_res=1.000  lr=9.38e-04  time=35.2min
Epoch   850/5000 | loss=2.3448e+03  res=1.5809e+03  d0=5.4423e+00  d1=2.1022e+00  neu=9.4356e-01  w_res=1.000  lr=9.30e-04  time=37.4min
Epoch   900/5000 | loss=2.6986e+03  res=1.9984e+03  d0=4.6527e+00  d1=2.1133e+00  neu=2.3586e+00  w_res=1.000  lr=9.22e-04  time=39.6min
Epoch   950/5000 | loss=2.0799e+03  res=1.4871e+03  d0=4.4069e+00  d1=1.4514e+00  neu=7.0390e-01  w_res=1.000  lr=9.14e-04  time=41.8min
Epoch  1000/5000 | loss=1.4469e+03  res=9.3054e+02  d0=3.9686e+00  d1=1.1217e+00  neu=7.3535e-01  w_res=1.000  lr=9.05e-04  time=44.0min
Epoch  1050/5000 | loss=1.4477e+03  res=9.7211e+02  d0=3.5397e+00  d1=1.1410e+00  neu=7.5466e-01  w_res=1.000  lr=8.95e-04  time=46.2min
Epoch  1100/5000 | loss=1.1076e+03  res=6.9671e+02  d0=3.2869e+00  d1=7.2507e-01  neu=9.6465e-01  w_res=1.000  lr=8.85e-04  time=48.4min
Epoch  1150/5000 | loss=1.1016e+03  res=7.4285e+02  d0=2.9149e+00  d1=5.7677e-01  neu=9.5528e-01  w_res=1.000  lr=8.75e-04  time=50.6min
Epoch  1200/5000 | loss=1.0787e+03  res=7.3787e+02  d0=2.8144e+00  d1=4.8287e-01  neu=1.1115e+00  w_res=1.000  lr=8.65e-04  time=52.8min
Epoch  1250/5000 | loss=1.0906e+03  res=7.9175e+02  d0=2.4982e+00  d1=3.7882e-01  neu=1.1149e+00  w_res=1.000  lr=8.54e-04  time=55.0min
Epoch  1300/5000 | loss=8.8010e+02  res=6.0349e+02  d0=2.3744e+00  d1=2.7720e-01  neu=1.1449e+00  w_res=1.000  lr=8.42e-04  time=57.2min
Epoch  1350/5000 | loss=8.0220e+02  res=5.4511e+02  d0=2.2347e+00  d1=2.2568e-01  neu=1.1047e+00  w_res=1.000  lr=8.31e-04  time=59.4min
Epoch  1400/5000 | loss=8.3356e+02  res=5.8886e+02  d0=2.1321e+00  d1=1.9203e-01  neu=1.2291e+00  w_res=1.000  lr=8.19e-04  time=61.6min
Epoch  1450/5000 | loss=9.3093e+02  res=6.4301e+02  d0=2.3534e+00  d1=4.2070e-01  neu=1.0508e+00  w_res=1.000  lr=8.07e-04  time=63.9min
Epoch  1500/5000 | loss=8.7972e+02  res=6.4214e+02  d0=2.0872e+00  d1=1.9281e-01  neu=9.5733e-01  w_res=1.000  lr=7.94e-04  time=66.1min
Epoch  1550/5000 | loss=9.6980e+02  res=7.5639e+02  d0=1.7950e+00  d1=2.3688e-01  neu=1.0214e+00  w_res=1.000  lr=7.81e-04  time=68.3min
Epoch  1600/5000 | loss=8.2254e+02  res=6.2174e+02  d0=1.7674e+00  d1=1.4336e-01  neu=9.7206e-01  w_res=1.000  lr=7.68e-04  time=70.5min
Epoch  1650/5000 | loss=6.9337e+02  res=4.9790e+02  d0=1.6850e+00  d1=1.6443e-01  neu=1.0530e+00  w_res=1.000  lr=7.55e-04  time=72.7min
Epoch  1700/5000 | loss=6.4410e+02  res=4.6091e+02  d0=1.6086e+00  d1=1.2627e-01  neu=9.7000e-01  w_res=1.000  lr=7.41e-04  time=74.9min
Epoch  1750/5000 | loss=5.8385e+02  res=4.0874e+02  d0=1.5374e+00  d1=1.1245e-01  neu=1.0124e+00  w_res=1.000  lr=7.27e-04  time=77.1min
Epoch  1800/5000 | loss=5.4016e+02  res=3.7361e+02  d0=1.4630e+00  d1=1.0726e-01  neu=9.5275e-01  w_res=1.000  lr=7.13e-04  time=79.3min
Epoch  1850/5000 | loss=5.0070e+02  res=3.4709e+02  d0=1.3567e+00  d1=8.0679e-02  neu=9.8739e-01  w_res=1.000  lr=6.99e-04  time=81.5min
Epoch  1900/5000 | loss=4.7724e+02  res=3.3188e+02  d0=1.2753e+00  d1=8.7752e-02  neu=9.0545e-01  w_res=1.000  lr=6.84e-04  time=83.7min
Epoch  1950/5000 | loss=5.5007e+02  res=3.9572e+02  d0=1.3220e+00  d1=1.3834e-01  neu=8.3132e-01  w_res=1.000  lr=6.70e-04  time=85.9min
Epoch  2000/5000 | loss=5.3245e+02  res=3.8420e+02  d0=1.2942e+00  d1=9.9047e-02  neu=8.9216e-01  w_res=1.000  lr=6.55e-04  time=88.1min
Epoch  2050/5000 | loss=4.4813e+02  res=3.1362e+02  d0=1.1757e+00  d1=8.9659e-02  neu=7.9716e-01  w_res=1.000  lr=6.40e-04  time=90.4min
Epoch  2100/5000 | loss=4.0680e+02  res=2.7607e+02  d0=1.1358e+00  d1=9.0570e-02  neu=8.0968e-01  w_res=1.000  lr=6.25e-04  time=92.6min
Epoch  2150/5000 | loss=3.7765e+02  res=2.5502e+02  d0=1.0821e+00  d1=6.8484e-02  neu=7.5658e-01  w_res=1.000  lr=6.09e-04  time=94.8min
Epoch  2200/5000 | loss=3.7184e+02  res=2.5569e+02  d0=1.0160e+00  d1=6.9318e-02  neu=7.6184e-01  w_res=1.000  lr=5.94e-04  time=97.0min
Epoch  2250/5000 | loss=3.4083e+02  res=2.2671e+02  d0=9.8794e-01  d1=8.2628e-02  neu=7.0571e-01  w_res=1.000  lr=5.79e-04  time=99.2min
Epoch  2300/5000 | loss=3.8258e+02  res=2.7224e+02  d0=9.6738e-01  d1=6.8087e-02  neu=6.7977e-01  w_res=1.000  lr=5.63e-04  time=101.4min
Epoch  2350/5000 | loss=5.9108e+02  res=4.8144e+02  d0=8.8629e-01  d1=1.3690e-01  neu=7.3207e-01  w_res=1.000  lr=5.48e-04  time=103.6min
Epoch  2400/5000 | loss=3.8636e+02  res=2.9226e+02  d0=8.0609e-01  d1=7.1667e-02  neu=6.3269e-01  w_res=1.000  lr=5.32e-04  time=105.8min
Epoch  2450/5000 | loss=4.6296e+02  res=3.4731e+02  d0=1.0204e+00  d1=8.5683e-02  neu=5.0353e-01  w_res=1.000  lr=5.16e-04  time=108.0min
Epoch  2500/5000 | loss=2.6988e+02  res=1.8555e+02  d0=7.1662e-01  d1=7.3105e-02  neu=5.3617e-01  w_res=1.000  lr=5.00e-04  time=110.2min
Epoch  2550/5000 | loss=2.6850e+02  res=1.8604e+02  d0=6.8884e-01  d1=7.7834e-02  neu=5.7879e-01  w_res=1.000  lr=4.85e-04  time=112.4min
Epoch  2600/5000 | loss=2.3525e+02  res=1.5852e+02  d0=6.3712e-01  d1=8.0878e-02  neu=4.9348e-01  w_res=1.000  lr=4.69e-04  time=114.7min
Epoch  2650/5000 | loss=1.7929e+02  res=1.0795e+02  d0=5.9444e-01  d1=7.5042e-02  neu=4.3968e-01  w_res=1.000  lr=4.53e-04  time=116.9min
Epoch  2700/5000 | loss=2.3998e+02  res=1.7242e+02  d0=5.5981e-01  d1=7.6745e-02  neu=3.9059e-01  w_res=1.000  lr=4.38e-04  time=119.1min
Epoch  2750/5000 | loss=1.8278e+02  res=1.1638e+02  d0=5.4153e-01  d1=7.9447e-02  neu=4.2949e-01  w_res=1.000  lr=4.22e-04  time=121.3min
Epoch  2800/5000 | loss=2.0515e+02  res=1.4551e+02  d0=4.8000e-01  d1=7.8586e-02  neu=3.7793e-01  w_res=1.000  lr=4.07e-04  time=123.5min
Epoch  2850/5000 | loss=1.8482e+02  res=1.2836e+02  d0=4.5615e-01  d1=7.4608e-02  neu=3.3827e-01  w_res=1.000  lr=3.92e-04  time=125.7min
Epoch  2900/5000 | loss=1.6961e+02  res=1.1603e+02  d0=4.3256e-01  d1=7.2174e-02  neu=3.1137e-01  w_res=1.000  lr=3.76e-04  time=127.9min
Epoch  2950/5000 | loss=1.6151e+02  res=1.1061e+02  d0=4.0692e-01  d1=7.1965e-02  neu=3.0071e-01  w_res=1.000  lr=3.61e-04  time=130.1min
Epoch  3000/5000 | loss=1.4935e+02  res=1.0052e+02  d0=3.8808e-01  d1=7.1784e-02  neu=2.8499e-01  w_res=1.000  lr=3.46e-04  time=132.3min
Epoch  3050/5000 | loss=1.4201e+02  res=9.6017e+01  d0=3.6315e-01  d1=6.9642e-02  neu=2.7116e-01  w_res=1.000  lr=3.31e-04  time=134.5min
Epoch  3100/5000 | loss=1.3339e+02  res=8.9614e+01  d0=3.4319e-01  d1=6.9174e-02  neu=2.5358e-01  w_res=1.000  lr=3.17e-04  time=136.7min
Epoch  3150/5000 | loss=1.2493e+02  res=8.3432e+01  d0=3.2105e-01  d1=6.8983e-02  neu=2.4919e-01  w_res=1.000  lr=3.02e-04  time=138.9min
Epoch  3200/5000 | loss=1.1739e+02  res=7.8306e+01  d0=3.0126e-01  d1=6.6968e-02  neu=2.2629e-01  w_res=1.000  lr=2.88e-04  time=141.1min
Epoch  3250/5000 | loss=1.1231e+02  res=7.5003e+01  d0=2.8512e-01  d1=6.5474e-02  neu=2.2440e-01  w_res=1.000  lr=2.74e-04  time=143.3min
Epoch  3300/5000 | loss=1.1088e+02  res=7.4276e+01  d0=2.7593e-01  d1=6.5803e-02  neu=2.4265e-01  w_res=1.000  lr=2.60e-04  time=145.5min
Epoch  3350/5000 | loss=1.2041e+02  res=8.7398e+01  d0=2.4688e-01  d1=6.3888e-02  neu=1.9363e-01  w_res=1.000  lr=2.46e-04  time=147.7min
Epoch  3400/5000 | loss=1.0800e+02  res=7.5876e+01  d0=2.4066e-01  d1=6.2197e-02  neu=1.8401e-01  w_res=1.000  lr=2.33e-04  time=150.0min
Epoch  3450/5000 | loss=9.6400e+01  res=6.5585e+01  d0=2.2919e-01  d1=6.0784e-02  neu=1.8178e-01  w_res=1.000  lr=2.20e-04  time=152.2min
Epoch  3500/5000 | loss=9.7494e+01  res=6.8054e+01  d0=2.1705e-01  d1=6.0211e-02  neu=1.7141e-01  w_res=1.000  lr=2.07e-04  time=154.4min
Epoch  3550/5000 | loss=8.7841e+01  res=5.9667e+01  d0=2.0650e-01  d1=5.8474e-02  neu=1.6760e-01  w_res=1.000  lr=1.94e-04  time=156.6min
Epoch  3600/5000 | loss=8.3858e+01  res=5.7017e+01  d0=1.9479e-01  d1=5.7734e-02  neu=1.5886e-01  w_res=1.000  lr=1.82e-04  time=158.8min
Epoch  3650/5000 | loss=7.9806e+01  res=5.4207e+01  d0=1.8466e-01  d1=5.5934e-02  neu=1.5395e-01  w_res=1.000  lr=1.70e-04  time=161.0min
Epoch  3700/5000 | loss=7.7041e+01  res=5.2588e+01  d0=1.7528e-01  d1=5.4549e-02  neu=1.4702e-01  w_res=1.000  lr=1.59e-04  time=163.2min
Epoch  3750/5000 | loss=7.3305e+01  res=5.0141e+01  d0=1.6430e-01  d1=5.3305e-02  neu=1.4034e-01  w_res=1.000  lr=1.47e-04  time=165.4min
Epoch  3800/5000 | loss=7.5970e+01  res=5.3627e+01  d0=1.5646e-01  d1=5.3505e-02  neu=1.3466e-01  w_res=1.000  lr=1.36e-04  time=167.6min
Epoch  3850/5000 | loss=7.5631e+01  res=5.4311e+01  d0=1.4875e-01  d1=5.1364e-02  neu=1.3089e-01  w_res=1.000  lr=1.26e-04  time=169.8min
Epoch  3900/5000 | loss=6.4971e+01  res=4.4135e+01  d0=1.4495e-01  d1=5.0448e-02  neu=1.2957e-01  w_res=1.000  lr=1.16e-04  time=172.0min
Epoch  3950/5000 | loss=6.9960e+01  res=5.0052e+01  d0=1.3720e-01  d1=4.9441e-02  neu=1.2429e-01  w_res=1.000  lr=1.06e-04  time=174.2min
Epoch  4000/5000 | loss=6.1155e+01  res=4.1741e+01  d0=1.3362e-01  d1=4.8215e-02  neu=1.2299e-01  w_res=1.000  lr=9.64e-05  time=176.4min
Epoch  4050/5000 | loss=6.5494e+01  res=4.6994e+01  d0=1.2607e-01  d1=4.7189e-02  neu=1.1735e-01  w_res=1.000  lr=8.74e-05  time=178.6min
Epoch  4100/5000 | loss=5.7292e+01  res=3.9340e+01  d0=1.2198e-01  d1=4.5888e-02  neu=1.1656e-01  w_res=1.000  lr=7.88e-05  time=180.8min
Epoch  4150/5000 | loss=5.5625e+01  res=3.8447e+01  d0=1.1561e-01  d1=4.4934e-02  neu=1.1247e-01  w_res=1.000  lr=7.06e-05  time=183.0min
Epoch  4200/5000 | loss=5.3538e+01  res=3.6902e+01  d0=1.1156e-01  d1=4.3726e-02  neu=1.1072e-01  w_res=1.000  lr=6.28e-05  time=185.2min
Epoch  4250/5000 | loss=5.3575e+01  res=3.7667e+01  d0=1.0586e-01  d1=4.2545e-02  neu=1.0672e-01  w_res=1.000  lr=5.54e-05  time=187.4min
Epoch  4300/5000 | loss=5.0373e+01  res=3.5098e+01  d0=1.0114e-01  d1=4.1186e-02  neu=1.0415e-01  w_res=1.000  lr=4.85e-05  time=189.7min
Epoch  4350/5000 | loss=4.9245e+01  res=3.4645e+01  d0=9.5492e-02  d1=4.0307e-02  neu=1.0201e-01  w_res=1.000  lr=4.21e-05  time=191.8min
Epoch  4400/5000 | loss=4.7731e+01  res=3.3703e+01  d0=9.2017e-02  d1=3.8422e-02  neu=9.8403e-02  w_res=1.000  lr=3.61e-05  time=194.0min
Epoch  4450/5000 | loss=4.6477e+01  res=3.3063e+01  d0=8.6838e-02  d1=3.7599e-02  neu=9.7031e-02  w_res=1.000  lr=3.05e-05  time=196.2min
Epoch  4500/5000 | loss=4.4929e+01  res=3.2362e+01  d0=8.0412e-02  d1=3.5836e-02  neu=9.4203e-02  w_res=1.000  lr=2.54e-05  time=198.5min
Epoch  4550/5000 | loss=4.3500e+01  res=3.1300e+01  d0=7.8131e-02  d1=3.4668e-02  neu=9.1965e-02  w_res=1.000  lr=2.08e-05  time=200.7min
Epoch  4600/5000 | loss=4.2773e+01  res=3.0918e+01  d0=7.5689e-02  d1=3.3802e-02  neu=9.0597e-02  w_res=1.000  lr=1.67e-05  time=202.9min
Epoch  4650/5000 | loss=4.2024e+01  res=3.0484e+01  d0=7.3392e-02  d1=3.3054e-02  neu=8.9569e-02  w_res=1.000  lr=1.30e-05  time=205.1min
Epoch  4700/5000 | loss=4.1377e+01  res=3.0151e+01  d0=7.1180e-02  d1=3.2243e-02  neu=8.8309e-02  w_res=1.000  lr=9.85e-06  time=207.3min
Epoch  4750/5000 | loss=4.0729e+01  res=2.9800e+01  d0=6.9043e-02  d1=3.1511e-02  neu=8.7293e-02  w_res=1.000  lr=7.15e-06  time=209.5min
Epoch  4800/5000 | loss=4.0117e+01  res=2.9478e+01  d0=6.7023e-02  d1=3.0752e-02  neu=8.6201e-02  w_res=1.000  lr=4.94e-06  time=211.7min
Epoch  4850/5000 | loss=3.9529e+01  res=2.9165e+01  d0=6.5062e-02  d1=3.0053e-02  neu=8.5228e-02  w_res=1.000  lr=3.22e-06  time=213.9min
Epoch  4900/5000 | loss=3.8964e+01  res=2.8861e+01  d0=6.3239e-02  d1=2.9368e-02  neu=8.4271e-02  w_res=1.000  lr=1.99e-06  time=216.1min
Epoch  4950/5000 | loss=3.8436e+01  res=2.8572e+01  d0=6.1544e-02  d1=2.8750e-02  neu=8.3415e-02  w_res=1.000  lr=1.25e-06  time=218.3min
Epoch  5000/5000 | loss=3.7930e+01  res=2.8290e+01  d0=5.9967e-02  d1=2.8169e-02  neu=8.2608e-02  w_res=1.000  lr=1.00e-06  time=220.5min

Best physics loss: 3.7930e+01

============================================================
 Evaluation vs COMSOL (at raw 4300 mesh points)
============================================================

Loaded best checkpoint.

    v0    rel-L2 (%)
----------------------
   0.0        3.7117
   0.5        3.4945
   1.0        3.0625
   1.5        2.7373
   2.0        2.5213
   2.5        2.3659
   3.0        2.2190
   3.5        2.0544
   4.0        1.8800
   4.5        1.7129
   5.0        1.5635
   5.5        1.4349
   6.0        1.3259
   6.5        1.2339
   7.0        1.1557
   7.5        1.0889
   8.0        1.0314
   8.5        0.9814
   9.0        0.9372
   9.5        0.8975
  10.0        0.8608
  10.5        0.8261
  11.0        0.7929
  11.5        0.7613
  12.0        0.7317
  12.5        0.7048
  13.0        0.6815
  13.5        0.6624
  14.0        0.6479
  14.5        0.6381
  15.0        0.6324
  15.5        0.6300
  16.0        0.6299
  16.5        0.6311
  17.0        0.6326
  17.5        0.6339
  18.0        0.6348
  18.5        0.6357
  19.0        0.6373
  19.5        0.6410
  20.0        0.6488

Mean rel-L2: 1.2611%  Max: 3.7117%
  Saved -> /home/aditya/dev/btp/output_v0_run1/training_history.png
  Saved -> /home/aditya/dev/btp/output_v0_run1/error_vs_v0.png
  Saved -> /home/aditya/dev/btp/output_v0_run1/comparison_v0_0.0.png
  Saved -> /home/aditya/dev/btp/output_v0_run1/comparison_v0_5.0.png
  Saved -> /home/aditya/dev/btp/output_v0_run1/comparison_v0_10.0.png
  Saved -> /home/aditya/dev/btp/output_v0_run1/comparison_v0_15.0.png
  Saved -> /home/aditya/dev/btp/output_v0_run1/comparison_v0_20.0.png

All outputs saved to /home/aditya/dev/btp/output_v0_run1/
Done.
