## Loading data ...
Found 41 v0 values: 0.0 to 20.0
Grid 31x31  |  f range [0.0000, 999.9999]
u range across all v0: [-0.0009, 25.9885]

## Phase 1  (17 configs × 2000 epochs)

  ID         Group        lr    bc_d    bc_n      p   n_f     mean%      max%   min_data_loss    time
----------------------------------------------------------------------------------------------------
  Running config 01 (A_weights) ...
Epoch     1/2000 | loss=1.2274e+00  data=3.9102e-01  dir=1.6198e-02  neu=7.5539e-01  lr=1.00e-03  time=0.0min
Epoch   500/2000 | loss=2.4576e-02  data=1.6917e-02  dir=1.1767e-04  neu=7.0701e-03  lr=8.54e-04  time=0.8min
Epoch  1000/2000 | loss=2.4686e-02  data=1.5203e-02  dir=7.0734e-05  neu=9.1286e-03  lr=5.00e-04  time=1.6min
Epoch  1500/2000 | loss=1.4417e-02  data=1.2964e-02  dir=5.1154e-05  neu=1.1968e-03  lr=1.47e-04  time=2.3min
Epoch  2000/2000 | loss=1.6182e-02  data=1.4962e-02  dir=5.3525e-05  neu=9.5227e-04  lr=1.00e-06  time=3.1min

Best data_loss: 1.1684e-02  (saved to model_best.pth)
  01     A_weights     1e-03     5.0     1.0    512     8   23.9898   34.8842    1.168400e-02    3.1m
  Running config 02 (A_weights) ...
Epoch     1/2000 | loss=4.2490e+00  data=3.9102e-01  dir=1.6198e-02  neu=7.5539e-01  lr=1.00e-03  time=0.0min
Epoch   500/2000 | loss=8.2100e-02  data=5.5745e-02  dir=4.7737e-04  neu=4.7937e-03  lr=8.54e-04  time=0.8min
Epoch  1000/2000 | loss=4.7095e-02  data=2.9953e-02  dir=1.6358e-04  neu=3.2648e-03  lr=5.00e-04  time=1.5min
Epoch  1500/2000 | loss=2.2435e-02  data=1.7627e-02  dir=1.8757e-04  neu=7.7393e-04  lr=1.47e-04  time=2.3min
Epoch  2000/2000 | loss=2.2587e-02  data=1.9237e-02  dir=1.9845e-04  neu=4.7169e-04  lr=1.00e-06  time=3.1min

Best data_loss: 1.5293e-02  (saved to model_best.pth)
  02     A_weights     1e-03     5.0     5.0    512     8   27.3277   39.7240    1.529300e-02    3.1m
  Running config 03 (A_weights) ...
Epoch     1/2000 | loss=8.0259e+00  data=3.9102e-01  dir=1.6198e-02  neu=7.5539e-01  lr=1.00e-03  time=0.0min
Epoch   500/2000 | loss=1.4432e-01  data=1.1563e-01  dir=2.3815e-03  neu=1.6787e-03  lr=8.54e-04  time=0.8min
Epoch  1000/2000 | loss=1.1238e-01  data=4.8121e-02  dir=3.0163e-04  neu=6.2751e-03  lr=5.00e-04  time=1.5min
Epoch  1500/2000 | loss=4.4340e-02  data=3.6935e-02  dir=1.5300e-04  neu=6.6396e-04  lr=1.47e-04  time=2.3min
Epoch  2000/2000 | loss=4.5886e-02  data=4.0738e-02  dir=1.7293e-04  neu=4.2830e-04  lr=1.00e-06  time=3.1min

Best data_loss: 3.2006e-02  (saved to model_best.pth)
  03     A_weights     1e-03     5.0    10.0    512     8   39.8335   46.3555    3.200600e-02    3.1m
  Running config 04 (A_weights) ...
Epoch     1/2000 | loss=1.3084e+00  data=3.9102e-01  dir=1.6198e-02  neu=7.5539e-01  lr=1.00e-03  time=0.0min
Epoch   500/2000 | loss=2.5784e-02  data=1.7264e-02  dir=4.0826e-05  neu=8.1114e-03  lr=8.54e-04  time=0.8min
Epoch  1000/2000 | loss=2.5006e-02  data=1.5266e-02  dir=3.0244e-05  neu=9.4369e-03  lr=5.00e-04  time=1.5min
Epoch  1500/2000 | loss=1.4356e-02  data=1.2986e-02  dir=2.1360e-05  neu=1.1574e-03  lr=1.47e-04  time=2.3min
Epoch  2000/2000 | loss=1.6111e-02  data=1.4983e-02  dir=2.1562e-05  neu=9.1247e-04  lr=1.00e-06  time=3.1min

Best data_loss: 1.1699e-02  (saved to model_best.pth)
  04     A_weights     1e-03    10.0     1.0    512     8   24.0041   34.9055    1.169900e-02    3.1m
  Running config 05 (A_weights) ...
Epoch     1/2000 | loss=4.3300e+00  data=3.9102e-01  dir=1.6198e-02  neu=7.5539e-01  lr=1.00e-03  time=0.0min
Epoch   500/2000 | loss=8.4455e-02  data=5.5980e-02  dir=1.7909e-04  neu=5.3369e-03  lr=8.54e-04  time=0.8min
Epoch  1000/2000 | loss=5.5973e-02  data=3.1258e-02  dir=7.0699e-05  neu=4.8017e-03  lr=5.00e-04  time=1.5min
Epoch  1500/2000 | loss=2.4321e-02  data=1.8796e-02  dir=7.2838e-05  neu=9.5918e-04  lr=1.47e-04  time=2.3min
Epoch  2000/2000 | loss=2.3239e-02  data=2.0358e-02  dir=7.4227e-05  neu=4.2792e-04  lr=1.00e-06  time=3.1min

Best data_loss: 1.6168e-02  (saved to model_best.pth)
  05     A_weights     1e-03    10.0     5.0    512     8   28.0883   40.3268    1.616800e-02    3.1m
  Running config 06 (A_weights) ...
Epoch     1/2000 | loss=8.1069e+00  data=3.9102e-01  dir=1.6198e-02  neu=7.5539e-01  lr=1.00e-03  time=0.0min
Epoch   500/2000 | loss=1.4088e-01  data=1.1610e-01  dir=7.0019e-04  neu=1.7775e-03  lr=8.54e-04  time=0.8min
Epoch  1000/2000 | loss=7.3891e-02  data=4.7745e-02  dir=1.0569e-04  neu=2.5089e-03  lr=5.00e-04  time=1.6min
Epoch  1500/2000 | loss=4.1197e-02  data=3.6329e-02  dir=6.0090e-05  neu=4.2669e-04  lr=1.47e-04  time=2.4min
Epoch  2000/2000 | loss=4.3672e-02  data=4.0001e-02  dir=7.1385e-05  neu=2.9571e-04  lr=1.00e-06  time=3.2min

Best data_loss: 3.1461e-02  (saved to model_best.pth)
  06     A_weights     1e-03    10.0    10.0    512     8   39.4793   46.5869    3.146100e-02    3.2m
  Running config 07 (A_weights) ...
Epoch     1/2000 | loss=1.4704e+00  data=3.9102e-01  dir=1.6198e-02  neu=7.5539e-01  lr=1.00e-03  time=0.0min
Epoch   500/2000 | loss=2.8302e-02  data=1.8331e-02  dir=1.9559e-05  neu=9.5796e-03  lr=8.54e-04  time=0.8min
Epoch  1000/2000 | loss=2.3529e-02  data=1.5345e-02  dir=1.3369e-05  neu=7.9163e-03  lr=5.00e-04  time=1.6min
Epoch  1500/2000 | loss=1.4373e-02  data=1.2918e-02  dir=9.0533e-06  neu=1.2739e-03  lr=1.47e-04  time=2.4min
Epoch  2000/2000 | loss=1.6146e-02  data=1.4913e-02  dir=9.7753e-06  neu=1.0374e-03  lr=1.00e-06  time=3.1min

Best data_loss: 1.1569e-02  (saved to model_best.pth)
  07     A_weights     1e-03    20.0     1.0    512     8   23.9129   34.9685    1.156900e-02    3.1m
  Running config 08 (A_weights) ...
Epoch     1/2000 | loss=4.4919e+00  data=3.9102e-01  dir=1.6198e-02  neu=7.5539e-01  lr=1.00e-03  time=0.0min
Epoch   500/2000 | loss=6.7810e-02  data=5.4298e-02  dir=5.4547e-05  neu=2.4844e-03  lr=8.54e-04  time=0.8min
Epoch  1000/2000 | loss=6.6038e-02  data=3.1560e-02  dir=3.0995e-05  neu=6.7716e-03  lr=5.00e-04  time=1.6min
Epoch  1500/2000 | loss=2.4978e-02  data=1.9865e-02  dir=2.6156e-05  neu=9.1795e-04  lr=1.47e-04  time=2.5min
Epoch  2000/2000 | loss=2.5351e-02  data=2.1506e-02  dir=2.6562e-05  neu=6.6272e-04  lr=1.00e-06  time=3.3min

Best data_loss: 1.7143e-02  (saved to model_best.pth)
  08     A_weights     1e-03    20.0     5.0    512     8   28.8695   40.7409    1.714300e-02    3.3m
  Running config 09 (A_weights) ...
Epoch     1/2000 | loss=8.2689e+00  data=3.9102e-01  dir=1.6198e-02  neu=7.5539e-01  lr=1.00e-03  time=0.0min
Epoch   500/2000 | loss=1.5816e-01  data=1.2446e-01  dir=2.6969e-04  neu=2.8307e-03  lr=8.54e-04  time=1.0min
Epoch  1000/2000 | loss=1.1030e-01  data=4.8784e-02  dir=4.4177e-05  neu=6.0636e-03  lr=5.00e-04  time=2.0min
Epoch  1500/2000 | loss=4.4382e-02  data=3.8081e-02  dir=2.6535e-05  neu=5.7703e-04  lr=1.47e-04  time=3.0min
Epoch  2000/2000 | loss=4.6445e-02  data=4.2226e-02  dir=3.2854e-05  neu=3.5622e-04  lr=1.00e-06  time=3.9min

Best data_loss: 3.3256e-02  (saved to model_best.pth)
  09     A_weights     1e-03    20.0    10.0    512     8   40.5692   47.6911    3.325600e-02    3.9m
  Running config 10 (B_lr) ...
Epoch     1/2000 | loss=4.3300e+00  data=3.9102e-01  dir=1.6198e-02  neu=7.5539e-01  lr=5.00e-04  time=0.0min
Epoch   500/2000 | loss=4.8707e-02  data=3.9159e-02  dir=7.3869e-05  neu=1.7618e-03  lr=4.27e-04  time=1.0min
Epoch  1000/2000 | loss=2.6298e-02  data=1.8980e-02  dir=6.0284e-05  neu=1.3431e-03  lr=2.50e-04  time=2.0min
Epoch  1500/2000 | loss=1.7344e-02  data=1.5662e-02  dir=3.3814e-05  neu=2.6878e-04  lr=7.41e-05  time=2.9min
Epoch  2000/2000 | loss=1.9160e-02  data=1.7602e-02  dir=3.6191e-05  neu=2.3912e-04  lr=1.00e-06  time=3.9min

Best data_loss: 1.4197e-02  (saved to model_best.pth)
  10          B_lr     5e-04    10.0     5.0    512     8   26.2654   38.8770    1.419700e-02    3.9m
  Running config 11 (B_lr) ...
Epoch     1/2000 | loss=4.3300e+00  data=3.9102e-01  dir=1.6198e-02  neu=7.5539e-01  lr=2.00e-04  time=0.0min
Epoch   500/2000 | loss=4.3455e-02  data=3.3727e-02  dir=6.4901e-05  neu=1.8158e-03  lr=1.71e-04  time=1.0min
Epoch  1000/2000 | loss=2.9966e-02  data=1.8205e-02  dir=4.8194e-05  neu=2.2557e-03  lr=1.00e-04  time=2.0min
Epoch  1500/2000 | loss=1.7592e-02  data=1.5725e-02  dir=3.2424e-05  neu=3.0852e-04  lr=3.01e-05  time=3.0min
Epoch  2000/2000 | loss=1.9136e-02  data=1.7660e-02  dir=3.5172e-05  neu=2.2485e-04  lr=1.00e-06  time=4.0min

Best data_loss: 1.4299e-02  (saved to model_best.pth)
  11          B_lr     2e-04    10.0     5.0    512     8   26.3256   38.7041    1.429900e-02    4.0m
  Running config 12 (B_lr) ...
Epoch     1/2000 | loss=4.3300e+00  data=3.9102e-01  dir=1.6198e-02  neu=7.5539e-01  lr=5.00e-03  time=0.0min
Epoch   500/2000 | loss=5.4565e+00  data=2.1056e+00  dir=1.2274e-01  neu=4.2470e-01  lr=4.27e-03  time=1.0min
Epoch  1000/2000 | loss=1.9284e+00  data=1.0916e+00  dir=4.1820e-02  neu=8.3721e-02  lr=2.50e-03  time=1.9min
Epoch  1500/2000 | loss=1.2759e+00  data=7.9598e-01  dir=2.7471e-02  neu=4.1047e-02  lr=7.33e-04  time=2.9min
Epoch  2000/2000 | loss=1.2334e+00  data=7.7630e-01  dir=2.6189e-02  neu=3.9052e-02  lr=1.00e-06  time=3.9min

Best data_loss: 3.9102e-01  (saved to model_best.pth)
  12          B_lr     5e-03    10.0     5.0    512     8  395.6697  503.8395    3.910200e-01    3.9m
  Running config 13 (C_arch) ...
Epoch     1/2000 | loss=4.1495e+00  data=2.5978e-01  dir=2.3669e-04  neu=7.7748e-01  lr=1.00e-03  time=0.0min
Epoch   500/2000 | loss=7.6126e-02  data=5.9849e-02  dir=2.0169e-04  neu=2.8522e-03  lr=8.54e-04  time=0.8min
Epoch  1000/2000 | loss=5.9740e-02  data=2.4737e-02  dir=1.0192e-04  neu=6.7969e-03  lr=5.00e-04  time=1.4min
Epoch  1500/2000 | loss=2.1355e-02  data=1.6266e-02  dir=6.3743e-05  neu=8.9029e-04  lr=1.47e-04  time=2.1min
Epoch  2000/2000 | loss=2.1359e-02  data=1.7950e-02  dir=6.8288e-05  neu=5.4529e-04  lr=1.00e-06  time=2.8min

Best data_loss: 1.4646e-02  (saved to model_best.pth)
  13        C_arch     1e-03    10.0     5.0    256     8   26.5933   39.2454    1.464600e-02    2.8m
  Running config 14 (C_arch) ...
Epoch     1/2000 | loss=1.2694e+00  data=3.2361e-01  dir=7.2978e-03  neu=1.7456e-01  lr=1.00e-03  time=0.0min
Epoch   500/2000 | loss=3.9855e-02  data=2.7841e-02  dir=4.5521e-05  neu=2.3117e-03  lr=8.54e-04  time=1.0min
Epoch  1000/2000 | loss=2.0938e-02  data=1.6957e-02  dir=3.1049e-05  neu=7.3419e-04  lr=5.00e-04  time=1.9min
Epoch  1500/2000 | loss=1.5904e-02  data=1.4732e-02  dir=2.0680e-05  neu=1.9310e-04  lr=1.47e-04  time=2.9min
Epoch  2000/2000 | loss=1.7643e-02  data=1.6539e-02  dir=2.4024e-05  neu=1.7269e-04  lr=1.00e-06  time=3.8min

Best data_loss: 1.3435e-02  (saved to model_best.pth)
  14        C_arch     1e-03    10.0     5.0    512     8   25.4979   37.2718    1.343500e-02    3.9m
  Running config 15 (C_arch) ...
Epoch     1/2000 | loss=3.4049e+00  data=1.6616e-01  dir=1.7506e-02  neu=6.1273e-01  lr=1.00e-03  time=0.0min
Epoch   500/2000 | loss=5.5880e-02  data=3.4151e-02  dir=1.1647e-04  neu=4.1128e-03  lr=8.54e-04  time=0.5min
Epoch  1000/2000 | loss=3.6197e-02  data=1.7132e-02  dir=5.1863e-05  neu=3.7092e-03  lr=5.00e-04  time=1.0min
Epoch  1500/2000 | loss=1.6257e-02  data=1.4777e-02  dir=3.8611e-05  neu=2.1871e-04  lr=1.47e-04  time=1.6min
Epoch  2000/2000 | loss=1.8036e-02  data=1.6676e-02  dir=4.0744e-05  neu=1.9045e-04  lr=1.00e-06  time=2.1min

Best data_loss: 1.3453e-02  (saved to model_best.pth)
  15        C_arch     1e-03    10.0     5.0    512     8   25.5610   37.4674    1.345300e-02    2.1m
  Running config 16 (D_fourier) ...
Epoch     1/2000 | loss=5.2161e+00  data=1.6295e-01  dir=1.2337e-02  neu=9.8595e-01  lr=1.00e-03  time=0.0min
Epoch   500/2000 | loss=3.7600e-02  data=2.4608e-02  dir=1.1713e-04  neu=2.3643e-03  lr=8.54e-04  time=0.8min
Epoch  1000/2000 | loss=2.1070e-02  data=1.8720e-02  dir=7.1243e-05  neu=3.2762e-04  lr=5.00e-04  time=1.6min
Epoch  1500/2000 | loss=1.6106e-02  data=1.5270e-02  dir=5.3969e-05  neu=5.9315e-05  lr=1.47e-04  time=2.4min
Epoch  2000/2000 | loss=1.9218e-02  data=1.8431e-02  dir=5.5410e-05  neu=4.6611e-05  lr=1.00e-06  time=3.2min

Best data_loss: 1.3087e-02  (saved to model_best.pth)
  16     D_fourier     1e-03    10.0     5.0    512     4   26.1213   32.8583    1.308700e-02    3.2m
  Running config 17 (D_fourier) ...
Epoch     1/2000 | loss=1.7493e+00  data=2.2882e-01  dir=1.2861e-03  neu=3.0152e-01  lr=1.00e-03  time=0.0min
Epoch   500/2000 | loss=1.1322e-01  data=8.8821e-02  dir=8.9821e-04  neu=3.0837e-03  lr=8.54e-04  time=0.8min
Epoch  1000/2000 | loss=9.6589e-02  data=5.4847e-02  dir=4.1555e-04  neu=7.5173e-03  lr=5.00e-04  time=1.7min
Epoch  1500/2000 | loss=5.4630e-02  data=4.5993e-02  dir=2.4485e-04  neu=1.2377e-03  lr=1.47e-04  time=2.5min
Epoch  2000/2000 | loss=5.8099e-02  data=5.0552e-02  dir=2.4008e-04  neu=1.0292e-03  lr=1.00e-06  time=3.3min

Best data_loss: 4.1421e-02  (saved to model_best.pth)
  17     D_fourier     1e-03    10.0     5.0    512    16   44.7483   55.2031    4.142100e-02    3.3m

### Phase 1 — Top 5 configs by mean rel-L2

  #1  config_07  group=A_weights  lr=1e-03  bc_d=20.0  bc_n=1.0  p=512  nf=8  mean=23.9129%  max=34.9685%
  #2  config_01  group=A_weights  lr=1e-03  bc_d=5.0  bc_n=1.0  p=512  nf=8  mean=23.9898%  max=34.8842%
  #3  config_04  group=A_weights  lr=1e-03  bc_d=10.0  bc_n=1.0  p=512  nf=8  mean=24.0041%  max=34.9055%
  #4  config_14  group=C_arch  lr=1e-03  bc_d=10.0  bc_n=5.0  p=512  nf=8  mean=25.4979%  max=37.2718%
  #5  config_15  group=C_arch  lr=1e-03  bc_d=10.0  bc_n=5.0  p=512  nf=8  mean=25.5610%  max=37.4674%

## Phase 2  (Top-3 configs × 15000 epochs)

  ID         Group        lr    bc_d    bc_n      p   n_f     mean%      max%    time
------------------------------------------------------------------------------------------
  Running config 07 (phase2) ...
Epoch     1/15000 | loss=1.4598e+00  data=3.8845e-01  dir=1.6202e-02  neu=7.4734e-01  lr=1.00e-03  time=0.0min
Epoch   500/15000 | loss=2.4884e-02  data=2.0358e-02  dir=2.5894e-05  neu=4.0081e-03  lr=9.97e-04  time=1.9min
Epoch  1000/15000 | loss=1.6232e-02  data=1.4520e-02  dir=1.0538e-05  neu=1.5010e-03  lr=9.89e-04  time=3.8min
Epoch  1500/15000 | loss=1.4449e-02  data=1.3146e-02  dir=7.3179e-06  neu=1.1574e-03  lr=9.76e-04  time=5.8min
Epoch  2000/15000 | loss=1.2586e-02  data=1.2273e-02  dir=6.3752e-06  neu=1.8567e-04  lr=9.57e-04  time=7.8min
Epoch  2500/15000 | loss=1.1855e-02  data=1.1601e-02  dir=5.1190e-06  neu=1.5141e-04  lr=9.33e-04  time=9.8min
Epoch  3000/15000 | loss=1.1282e-02  data=1.1075e-02  dir=4.0535e-06  neu=1.2616e-04  lr=9.05e-04  time=11.8min
Epoch  3500/15000 | loss=1.0794e-02  data=1.0629e-02  dir=3.3025e-06  neu=9.9269e-05  lr=8.72e-04  time=13.7min
Epoch  4000/15000 | loss=1.0807e-02  data=1.0270e-02  dir=7.0241e-06  neu=3.9652e-04  lr=8.35e-04  time=15.6min
Epoch  4500/15000 | loss=1.0737e-02  data=1.0344e-02  dir=1.6813e-05  neu=5.6798e-05  lr=7.94e-04  time=17.4min
Epoch  5000/15000 | loss=1.0147e-02  data=1.0082e-02  dir=2.3704e-06  neu=1.7197e-05  lr=7.50e-04  time=19.2min
Epoch  5500/15000 | loss=1.0175e-02  data=1.0019e-02  dir=5.8799e-06  neu=3.8587e-05  lr=7.04e-04  time=21.0min
Epoch  6000/15000 | loss=1.0105e-02  data=1.0040e-02  dir=1.7864e-06  neu=2.9614e-05  lr=6.55e-04  time=22.9min
Epoch  6500/15000 | loss=1.1807e-02  data=1.0153e-02  dir=9.4591e-06  neu=1.4649e-03  lr=6.04e-04  time=24.7min
Epoch  7000/15000 | loss=1.0049e-02  data=1.0001e-02  dir=2.0655e-06  neu=7.1283e-06  lr=5.53e-04  time=26.5min
Epoch  7500/15000 | loss=1.0110e-02  data=1.0013e-02  dir=1.2060e-06  neu=7.2618e-05  lr=5.00e-04  time=28.4min
Epoch  8000/15000 | loss=1.0545e-02  data=1.0058e-02  dir=2.2915e-06  neu=4.4024e-04  lr=4.48e-04  time=30.2min
Epoch  8500/15000 | loss=1.0104e-02  data=1.0003e-02  dir=1.0473e-06  neu=8.0166e-05  lr=3.97e-04  time=32.0min
Epoch  9000/15000 | loss=1.0283e-02  data=9.9730e-03  dir=2.1907e-06  neu=2.6589e-04  lr=3.46e-04  time=33.8min
Epoch  9500/15000 | loss=1.6402e-02  data=1.4413e-02  dir=5.0087e-05  neu=9.8792e-04  lr=2.97e-04  time=35.7min
Epoch 10000/15000 | loss=1.3294e-02  data=1.2462e-02  dir=2.1145e-05  neu=4.0912e-04  lr=2.51e-04  time=37.5min
Epoch 10500/15000 | loss=1.2303e-02  data=1.1756e-02  dir=1.4280e-05  neu=2.6203e-04  lr=2.07e-04  time=39.3min
Epoch 11000/15000 | loss=1.1815e-02  data=1.1366e-02  dir=1.1573e-05  neu=2.1770e-04  lr=1.66e-04  time=41.2min
Epoch 11500/15000 | loss=1.1534e-02  data=1.1134e-02  dir=1.0016e-05  neu=1.9968e-04  lr=1.29e-04  time=43.0min
Epoch 12000/15000 | loss=1.1352e-02  data=1.0983e-02  dir=8.8869e-06  neu=1.9096e-04  lr=9.64e-05  time=44.8min
Epoch 12500/15000 | loss=1.1222e-02  data=1.0875e-02  dir=8.0050e-06  neu=1.8671e-04  lr=6.79e-05  time=46.6min
Epoch 13000/15000 | loss=1.1125e-02  data=1.0794e-02  dir=7.3264e-06  neu=1.8477e-04  lr=4.42e-05  time=48.4min
Epoch 13500/15000 | loss=1.1056e-02  data=1.0735e-02  dir=6.8390e-06  neu=1.8393e-04  lr=2.54e-05  time=50.2min
Epoch 14000/15000 | loss=1.1012e-02  data=1.0698e-02  dir=6.5313e-06  neu=1.8358e-04  lr=1.19e-05  time=52.1min
Epoch 14500/15000 | loss=1.0990e-02  data=1.0679e-02  dir=6.3798e-06  neu=1.8342e-04  lr=3.74e-06  time=53.9min
Epoch 15000/15000 | loss=1.0983e-02  data=1.0673e-02  dir=6.3321e-06  neu=1.8337e-04  lr=1.00e-06  time=55.7min

Best data_loss: 9.5127e-03  (saved to model_best.pth)
  07     A_weights     1e-03    20.0     1.0    512     8   19.4637   25.5387   55.7m
  Running config 01 (phase2) ...
Epoch     1/15000 | loss=1.2168e+00  data=3.8845e-01  dir=1.6202e-02  neu=7.4734e-01  lr=1.00e-03  time=0.0min
Epoch   500/15000 | loss=2.1682e-02  data=1.7508e-02  dir=1.7668e-04  neu=3.2903e-03  lr=9.97e-04  time=1.8min
Epoch  1000/15000 | loss=1.6239e-02  data=1.4220e-02  dir=5.4168e-05  neu=1.7481e-03  lr=9.89e-04  time=3.7min
Epoch  1500/15000 | loss=1.4205e-02  data=1.3053e-02  dir=4.0338e-05  neu=9.5067e-04  lr=9.76e-04  time=5.5min
Epoch  2000/15000 | loss=1.2816e-02  data=1.2297e-02  dir=3.7346e-05  neu=3.3202e-04  lr=9.57e-04  time=7.4min
Epoch  2500/15000 | loss=1.1924e-02  data=1.1566e-02  dir=4.0001e-05  neu=1.5770e-04  lr=9.33e-04  time=9.2min
Epoch  3000/15000 | loss=1.1312e-02  data=1.0977e-02  dir=3.8991e-05  neu=1.3941e-04  lr=9.05e-04  time=11.1min
Epoch  3500/15000 | loss=1.0731e-02  data=1.0447e-02  dir=3.4024e-05  neu=1.1394e-04  lr=8.72e-04  time=13.0min
Epoch  4000/15000 | loss=1.0469e-02  data=1.0118e-02  dir=2.9330e-05  neu=2.0472e-04  lr=8.35e-04  time=14.8min
Epoch  4500/15000 | loss=1.0187e-02  data=9.9842e-03  dir=2.8495e-05  neu=6.0480e-05  lr=7.94e-04  time=16.7min
Epoch  5000/15000 | loss=1.0698e-02  data=1.0014e-02  dir=2.1838e-05  neu=5.7503e-04  lr=7.50e-04  time=18.5min
Epoch  5500/15000 | loss=1.0035e-02  data=9.8756e-03  dir=2.7942e-05  neu=2.0181e-05  lr=7.04e-04  time=20.3min
Epoch  6000/15000 | loss=9.9948e-03  data=9.8474e-03  dir=2.7256e-05  neu=1.1170e-05  lr=6.55e-04  time=22.1min
Epoch  6500/15000 | loss=9.9837e-03  data=9.7820e-03  dir=3.7876e-05  neu=1.2305e-05  lr=6.04e-04  time=23.9min
Epoch  7000/15000 | loss=1.0030e-02  data=9.8176e-03  dir=2.5819e-05  neu=8.3269e-05  lr=5.53e-04  time=25.8min
Epoch  7500/15000 | loss=1.0427e-02  data=9.6286e-03  dir=9.3272e-05  neu=3.3206e-04  lr=5.00e-04  time=27.6min
Epoch  8000/15000 | loss=4.2425e-02  data=2.5432e-02  dir=1.2191e-03  neu=1.0897e-02  lr=4.48e-04  time=29.4min
Epoch  8500/15000 | loss=2.4925e-02  data=1.9654e-02  dir=4.6907e-04  neu=2.9251e-03  lr=3.97e-04  time=31.2min
Epoch  9000/15000 | loss=2.0202e-02  data=1.6619e-02  dir=2.6974e-04  neu=2.2334e-03  lr=3.46e-04  time=33.0min
Epoch  9500/15000 | loss=1.6897e-02  data=1.4534e-02  dir=1.7763e-04  neu=1.4744e-03  lr=2.97e-04  time=34.9min
Epoch 10000/15000 | loss=1.4654e-02  data=1.3226e-02  dir=1.2952e-04  neu=7.8055e-04  lr=2.51e-04  time=36.7min
Epoch 10500/15000 | loss=1.3394e-02  data=1.2497e-02  dir=1.0286e-04  neu=3.8292e-04  lr=2.07e-04  time=38.5min
Epoch 11000/15000 | loss=1.2770e-02  data=1.2092e-02  dir=8.6409e-05  neu=2.4519e-04  lr=1.66e-04  time=40.3min
Epoch 11500/15000 | loss=1.2422e-02  data=1.1842e-02  dir=7.5481e-05  neu=2.0271e-04  lr=1.29e-04  time=42.1min
Epoch 12000/15000 | loss=1.2188e-02  data=1.1666e-02  dir=6.8118e-05  neu=1.8190e-04  lr=9.64e-05  time=43.9min
Epoch 12500/15000 | loss=1.2018e-02  data=1.1535e-02  dir=6.3181e-05  neu=1.6723e-04  lr=6.79e-05  time=45.7min
Epoch 13000/15000 | loss=1.1893e-02  data=1.1437e-02  dir=5.9910e-05  neu=1.5628e-04  lr=4.42e-05  time=47.6min
Epoch 13500/15000 | loss=1.1805e-02  data=1.1367e-02  dir=5.7817e-05  neu=1.4855e-04  lr=2.54e-05  time=49.4min
Epoch 14000/15000 | loss=1.1750e-02  data=1.1324e-02  dir=5.6593e-05  neu=1.4372e-04  lr=1.19e-05  time=51.2min
Epoch 14500/15000 | loss=1.1724e-02  data=1.1302e-02  dir=5.6016e-05  neu=1.4137e-04  lr=3.74e-06  time=53.0min
Epoch 15000/15000 | loss=1.1715e-02  data=1.1296e-02  dir=5.5831e-05  neu=1.4063e-04  lr=1.00e-06  time=54.8min

Best data_loss: 9.5428e-03  (saved to model_best.pth)
  01     A_weights     1e-03     5.0     1.0    512     8   18.3341   24.7198   54.8m
  Running config 04 (phase2) ...
Epoch     1/15000 | loss=1.2978e+00  data=3.8845e-01  dir=1.6202e-02  neu=7.4734e-01  lr=1.00e-03  time=0.0min
Epoch   500/15000 | loss=2.1996e-02  data=1.8200e-02  dir=5.8040e-05  neu=3.2151e-03  lr=9.97e-04  time=1.9min
Epoch  1000/15000 | loss=1.5964e-02  data=1.4338e-02  dir=2.0550e-05  neu=1.4207e-03  lr=9.89e-04  time=3.8min
Epoch  1500/15000 | loss=1.3680e-02  data=1.3129e-02  dir=1.4913e-05  neu=4.0205e-04  lr=9.76e-04  time=5.6min
Epoch  2000/15000 | loss=1.2667e-02  data=1.2370e-02  dir=1.3957e-05  neu=1.5739e-04  lr=9.57e-04  time=7.5min
Epoch  2500/15000 | loss=1.2014e-02  data=1.1749e-02  dir=1.3992e-05  neu=1.2532e-04  lr=9.33e-04  time=9.4min
Epoch  3000/15000 | loss=1.1406e-02  data=1.1183e-02  dir=1.2218e-05  neu=1.0066e-04  lr=9.05e-04  time=11.2min
Epoch  3500/15000 | loss=1.0860e-02  data=1.0684e-02  dir=1.0229e-05  neu=7.3415e-05  lr=8.72e-04  time=13.1min
Epoch  4000/15000 | loss=1.0420e-02  data=1.0283e-02  dir=9.1644e-06  neu=4.5889e-05  lr=8.35e-04  time=15.0min
Epoch  4500/15000 | loss=1.0220e-02  data=1.0106e-02  dir=9.0643e-06  neu=2.3132e-05  lr=7.94e-04  time=16.8min
Epoch  5000/15000 | loss=1.0138e-02  data=1.0032e-02  dir=9.2163e-06  neu=1.3673e-05  lr=7.50e-04  time=18.6min
Epoch  5500/15000 | loss=1.0097e-02  data=1.0005e-02  dir=7.1824e-06  neu=2.0514e-05  lr=7.04e-04  time=20.4min
Epoch  6000/15000 | loss=1.0299e-02  data=9.9769e-03  dir=7.0245e-06  neu=2.5194e-04  lr=6.55e-04  time=22.3min
Epoch  6500/15000 | loss=2.2140e-01  data=6.0345e-02  dir=4.6135e-03  neu=1.1492e-01  lr=6.04e-04  time=24.1min
Epoch  7000/15000 | loss=1.1076e-01  data=3.2740e-02  dir=1.8645e-03  neu=5.9371e-02  lr=5.53e-04  time=25.9min
Epoch  7500/15000 | loss=7.7575e-02  data=2.7592e-02  dir=1.1259e-03  neu=3.8723e-02  lr=5.00e-04  time=27.8min
Epoch  8000/15000 | loss=5.9318e-02  data=2.5747e-02  dir=8.1293e-04  neu=2.5443e-02  lr=4.48e-04  time=29.6min
Epoch  8500/15000 | loss=4.7104e-02  data=2.4661e-02  dir=6.5072e-04  neu=1.5936e-02  lr=3.97e-04  time=31.5min
Epoch  9000/15000 | loss=3.8972e-02  data=2.3843e-02  dir=5.4259e-04  neu=9.7034e-03  lr=3.46e-04  time=33.3min
Epoch  9500/15000 | loss=3.4057e-02  data=2.3132e-02  dir=4.6280e-04  neu=6.2973e-03  lr=2.97e-04  time=35.2min
Epoch 10000/15000 | loss=3.1290e-02  data=2.2459e-02  dir=4.0876e-04  neu=4.7436e-03  lr=2.51e-04  time=37.0min
Epoch 10500/15000 | loss=2.9617e-02  data=2.1817e-02  dir=3.7184e-04  neu=4.0817e-03  lr=2.07e-04  time=38.9min
Epoch 11000/15000 | loss=2.8422e-02  data=2.1221e-02  dir=3.4295e-04  neu=3.7709e-03  lr=1.66e-04  time=40.7min
Epoch 11500/15000 | loss=2.7470e-02  data=2.0690e-02  dir=3.1837e-04  neu=3.5962e-03  lr=1.29e-04  time=42.5min
Epoch 12000/15000 | loss=2.6689e-02  data=2.0233e-02  dir=2.9745e-04  neu=3.4822e-03  lr=9.64e-05  time=44.4min
Epoch 12500/15000 | loss=2.6058e-02  data=1.9854e-02  dir=2.8022e-04  neu=3.4012e-03  lr=6.79e-05  time=46.2min
Epoch 13000/15000 | loss=2.5566e-02  data=1.9556e-02  dir=2.6674e-04  neu=3.3423e-03  lr=4.42e-05  time=48.0min
Epoch 13500/15000 | loss=2.5210e-02  data=1.9339e-02  dir=2.5698e-04  neu=3.3009e-03  lr=2.54e-05  time=49.9min
Epoch 14000/15000 | loss=2.4984e-02  data=1.9201e-02  dir=2.5080e-04  neu=3.2750e-03  lr=1.19e-05  time=51.7min
Epoch 14500/15000 | loss=2.4874e-02  data=1.9133e-02  dir=2.4782e-04  neu=3.2624e-03  lr=3.74e-06  time=53.6min
Epoch 15000/15000 | loss=2.4842e-02  data=1.9113e-02  dir=2.4698e-04  neu=3.2586e-03  lr=1.00e-06  time=55.4min

Best data_loss: 9.5722e-03  (saved to model_best.pth)
  04     A_weights     1e-03    10.0     1.0    512     8   18.8358   25.1788   55.4m

## Final Best Config

  config_01  group=A_weights
  lr=0.001  bc_d_weight=5.0  bc_n_weight=1.0
  p_dim=512  trunk_h=[512, 512, 512]  n_fourier=8
  Mean rel-L2: 18.3341%  Max rel-L2: 24.7198%

  Best checkpoint: hparam_results/phase2/config_01/model_best.pth

Search complete.  2026-04-12 18:56:02

Log saved to ./hparam_results/log.md
CSV saved to ./hparam_results/results.csv
